#
# There is insufficient memory for the Java Runtime Environment to continue.
# Native memory allocation (malloc) failed to allocate 309424 bytes for Chunk::new
# Possible reasons:
#   The system is out of physical RAM or swap space
#   The process is running with CompressedOops enabled, and the Java Heap may be blocking the growth of the native heap
# Possible solutions:
#   Reduce memory load on the system
#   Increase physical memory or swap space
#   Check if swap backing store is full
#   Decrease Java heap size (-Xmx/-Xms)
#   Decrease number of Java threads
#   Decrease Java thread stack sizes (-Xss)
#   Set larger code cache with -XX:ReservedCodeCacheSize=
#   JVM is running with Unscaled Compressed Oops mode in which the Java heap is
#     placed in the first 4GB address space. The Java Heap base address is the
#     maximum limit for the native heap growth. Please use -XX:HeapBaseMinAddress
#     to set the Java Heap base and to place the Java Heap above 4GB virtual address.
# This output file may be truncated or incomplete.
#
#  Out of Memory Error (arena.cpp:184), pid=180664, tid=183516
#
# JRE version: Java(TM) SE Runtime Environment (18.0+36) (build 18+36-2087)
# Java VM: Java HotSpot(TM) 64-Bit Server VM (18+36-2087, mixed mode, sharing, tiered, compressed oops, compressed class ptrs, g1 gc, windows-amd64)
# No core dump will be written. Minidumps are not enabled by default on client versions of Windows
#

---------------  S U M M A R Y ------------

Command Line: -ea -Dfile.encoding=UTF-8 -XX:+ShowCodeDetailsInExceptionMessages org.testng.remote.RemoteTestNG -serport 59866 -protocol json -d C:\Users\lahan\eclipse-workspace\Amazon\test-output C:\Users\lahan\eclipse-workspace\Amazon\testng.xml

Host: Intel(R) Core(TM) i3-10110U CPU @ 2.10GHz, 4 cores, 7G,  Windows 11 , 64 bit Build 22000 (10.0.22000.708)
Time: Wed Oct 12 02:50:36 2022 India Standard Time elapsed time: 49.346788 seconds (0d 0h 0m 49s)

---------------  T H R E A D  ---------------

Current thread (0x000001af533b4700):  JavaThread "C2 CompilerThread0" daemon [_thread_in_native, id=183516, stack(0x000000634b200000,0x000000634b300000)]


Current CompileTask:
C2:  49347 3165       4       com.sun.org.apache.xerces.internal.impl.XMLEntityScanner::scanQName (580 bytes)

Stack: [0x000000634b200000,0x000000634b300000]
Native frames: (J=compiled Java code, j=interpreted, Vv=VM code, C=native code)
V  [jvm.dll+0x69804a]
V  [jvm.dll+0x7f308d]
V  [jvm.dll+0x7f499e]
V  [jvm.dll+0x7f5053]
V  [jvm.dll+0x25ca3f]
V  [jvm.dll+0xb8c2f]
V  [jvm.dll+0xb8fa5]
V  [jvm.dll+0x385a6b]
V  [jvm.dll+0x34f811]
V  [jvm.dll+0x34ecaa]
V  [jvm.dll+0x22fc21]
V  [jvm.dll+0x22eff1]
V  [jvm.dll+0x1b9cfc]
V  [jvm.dll+0x23e8ca]
V  [jvm.dll+0x23cbac]
V  [jvm.dll+0x7a5781]
V  [jvm.dll+0x79fbba]
V  [jvm.dll+0x696ef5]
C  [ucrtbase.dll+0x26c0c]
C  [KERNEL32.DLL+0x154e0]
C  [ntdll.dll+0x485b]


---------------  P R O C E S S  ---------------

Threads class SMR info:
_java_thread_list=0x000001af58abecb0, length=22, elements={
0x000001af35b63a10, 0x000001af53386650, 0x000001af53386ff0, 0x000001af533a4920,
0x000001af533a51d0, 0x000001af533a5b70, 0x000001af533a9260, 0x000001af533b4700,
0x000001af533b8c30, 0x000001af533ca120, 0x000001af57893590, 0x000001af578930c0,
0x000001af578918b0, 0x000001af57893a60, 0x000001af578948d0, 0x000001af57893f30,
0x000001af57892720, 0x000001af57894400, 0x000001af57890f10, 0x000001af57891d80,
0x000001af57892bf0, 0x000001af58a0d0b0
}

Java Threads: ( => current thread )
  0x000001af35b63a10 JavaThread "Forwarding findElement on session a81862746df53be0d5b15cade5e61751 to remote" [_thread_in_native, id=180840, stack(0x000000634a500000,0x000000634a600000)]
  0x000001af53386650 JavaThread "Reference Handler" daemon [_thread_blocked, id=185900, stack(0x000000634ac00000,0x000000634ad00000)]
  0x000001af53386ff0 JavaThread "Finalizer" daemon [_thread_blocked, id=164240, stack(0x000000634ad00000,0x000000634ae00000)]
  0x000001af533a4920 JavaThread "Signal Dispatcher" daemon [_thread_blocked, id=182988, stack(0x000000634ae00000,0x000000634af00000)]
  0x000001af533a51d0 JavaThread "Attach Listener" daemon [_thread_blocked, id=180072, stack(0x000000634af00000,0x000000634b000000)]
  0x000001af533a5b70 JavaThread "Service Thread" daemon [_thread_blocked, id=184060, stack(0x000000634b000000,0x000000634b100000)]
  0x000001af533a9260 JavaThread "Monitor Deflation Thread" daemon [_thread_blocked, id=183864, stack(0x000000634b100000,0x000000634b200000)]
=>0x000001af533b4700 JavaThread "C2 CompilerThread0" daemon [_thread_in_native, id=183516, stack(0x000000634b200000,0x000000634b300000)]
  0x000001af533b8c30 JavaThread "C1 CompilerThread0" daemon [_thread_blocked, id=178276, stack(0x000000634b300000,0x000000634b400000)]
  0x000001af533ca120 JavaThread "Sweeper thread" daemon [_thread_blocked, id=160904, stack(0x000000634b400000,0x000000634b500000)]
  0x000001af57893590 JavaThread "Notification Thread" daemon [_thread_blocked, id=181380, stack(0x000000634b500000,0x000000634b600000)]
  0x000001af578930c0 JavaThread "Common-Cleaner" daemon [_thread_blocked, id=185700, stack(0x000000634b700000,0x000000634b800000)]
  0x000001af578918b0 JavaThread "ReaderThread" [_thread_in_native, id=184604, stack(0x000000634b900000,0x000000634ba00000)]
  0x000001af57893a60 JavaThread "ForkJoinPool.commonPool-worker-1" daemon [_thread_blocked, id=168908, stack(0x000000634bd00000,0x000000634be00000)]
  0x000001af578948d0 JavaThread "ForkJoinPool.commonPool-worker-2" daemon [_thread_blocked, id=185704, stack(0x000000634be00000,0x000000634bf00000)]
  0x000001af57893f30 JavaThread "ForkJoinPool.commonPool-worker-3" daemon [_thread_blocked, id=181344, stack(0x000000634bf00000,0x000000634c000000)]
  0x000001af57892720 JavaThread "Exec Default Executor" daemon [_thread_in_native, id=167276, stack(0x000000634c000000,0x000000634c100000)]
  0x000001af57894400 JavaThread "UrlChecker-2" daemon [_thread_blocked, id=185664, stack(0x000000634c100000,0x000000634c200000)]
  0x000001af57890f10 JavaThread "Exec Stream Pumper" daemon [_thread_in_native, id=155744, stack(0x000000634c200000,0x000000634c300000)]
  0x000001af57891d80 JavaThread "Exec Stream Pumper" daemon [_thread_in_native, id=181508, stack(0x000000634c300000,0x000000634c400000)]
  0x000001af57892bf0 JavaThread "OkHttp ConnectionPool" daemon [_thread_blocked, id=186344, stack(0x000000634c500000,0x000000634c600000)]
  0x000001af58a0d0b0 JavaThread "Okio Watchdog" daemon [_thread_blocked, id=177116, stack(0x000000634c600000,0x000000634c700000)]

Other Threads:
  0x000001af35be10b0 VMThread "VM Thread" [stack: 0x000000634ab00000,0x000000634ac00000] [id=183236]
  0x000001af57899700 WatcherThread "VM Periodic Task Thread" [stack: 0x000000634b600000,0x000000634b700000] [id=181308]
  0x000001af35bc4c20 WorkerThread "GC Thread#0" [stack: 0x000000634a600000,0x000000634a700000] [id=147800]
  0x000001af57d01840 WorkerThread "GC Thread#1" [stack: 0x000000634ba00000,0x000000634bb00000] [id=182684]
  0x000001af57d01ae0 WorkerThread "GC Thread#2" [stack: 0x000000634bb00000,0x000000634bc00000] [id=170708]
  0x000001af57d01d80 WorkerThread "GC Thread#3" [stack: 0x000000634bc00000,0x000000634bd00000] [id=170968]
  0x000001af35bd5f50 ConcurrentGCThread "G1 Main Marker" [stack: 0x000000634a700000,0x000000634a800000] [id=184316]
  0x000001af35bd6940 WorkerThread "G1 Conc#0" [stack: 0x000000634a800000,0x000000634a900000] [id=180488]
  0x000001af35c1a2a0 ConcurrentGCThread "G1 Refine#0" [stack: 0x000000634a900000,0x000000634aa00000] [id=179476]
  0x000001af35c1aa50 ConcurrentGCThread "G1 Service" [stack: 0x000000634aa00000,0x000000634ab00000] [id=185844]

Threads with active compile tasks:
C2 CompilerThread0    49406 3165       4       com.sun.org.apache.xerces.internal.impl.XMLEntityScanner::scanQName (580 bytes)

VM state: not at safepoint (normal execution)

VM Mutex/Monitor currently owned by a thread: None

Heap address: 0x0000000082800000, size: 2008 MB, Compressed Oops mode: 32-bit

CDS archive(s) mapped at: [0x0000000800000000-0x0000000800ba0000-0x0000000800ba0000), size 12189696, SharedBaseAddress: 0x0000000800000000, ArchiveRelocationMode: 0.
Compressed class space mapped at: 0x0000000800c00000-0x0000000840c00000, reserved size: 1073741824
Narrow klass base: 0x0000000800000000, Narrow klass shift: 0, Narrow klass range: 0x100000000

GC Precious Log:
 CardTable entry size: 512
 Card Set container configuration: InlinePtr #cards 5 size 8 Array Of Cards #cards 12 size 40 Howl #buckets 4 coarsen threshold 1843 Howl Bitmap #cards 512 size 80 coarsen threshold 460 Card regions per heap region 1 cards per card region 2048
 CPUs: 4 total, 4 available
 Memory: 8026M
 Large Page Support: Disabled
 NUMA Support: Disabled
 Compressed Oops: Enabled (32-bit)
 Heap Region Size: 1M
 Heap Min Capacity: 8M
 Heap Initial Capacity: 126M
 Heap Max Capacity: 2008M
 Pre-touch: Disabled
 Parallel Workers: 4
 Concurrent Workers: 1
 Concurrent Refinement Workers: 4
 Periodic GC: Disabled

Heap:
 garbage-first heap   total 40960K, used 27443K [0x0000000082800000, 0x0000000100000000)
  region size 1024K, 22 young (22528K), 5 survivors (5120K)
 Metaspace       used 22878K, committed 23168K, reserved 1114112K
  class space    used 2691K, committed 2816K, reserved 1048576K

Heap Regions: E=young(eden), S=young(survivor), O=old, HS=humongous(starts), HC=humongous(continues), CS=collection set, F=free, OA=open archive, CA=closed archive, TAMS=top-at-mark-start (previous, next)
|   0|0x0000000082800000, 0x0000000082900000, 0x0000000082900000|100%| O|  |TAMS 0x0000000082900000, 0x0000000082800000| Untracked 
|   1|0x0000000082900000, 0x0000000082a00000, 0x0000000082a00000|100%| O|  |TAMS 0x0000000082a00000, 0x0000000082900000| Untracked 
|   2|0x0000000082a00000, 0x0000000082b00000, 0x0000000082b00000|100%| O|  |TAMS 0x0000000082b00000, 0x0000000082a00000| Untracked 
|   3|0x0000000082b00000, 0x0000000082c00000, 0x0000000082c00000|100%| O|  |TAMS 0x0000000082c00000, 0x0000000082b00000| Untracked 
|   4|0x0000000082c00000, 0x0000000082d00000, 0x0000000082d00000|100%| O|  |TAMS 0x0000000082d00000, 0x0000000082c00000| Untracked 
|   5|0x0000000082d00000, 0x0000000082e00000, 0x0000000082e00000|100%| O|  |TAMS 0x0000000082e00000, 0x0000000082d00000| Untracked 
|   6|0x0000000082e00000, 0x0000000082e00000, 0x0000000082f00000|  0%| F|  |TAMS 0x0000000082e00000, 0x0000000082e00000| Untracked 
|   7|0x0000000082f00000, 0x0000000082f00000, 0x0000000083000000|  0%| F|  |TAMS 0x0000000082f00000, 0x0000000082f00000| Untracked 
|   8|0x0000000083000000, 0x0000000083000000, 0x0000000083100000|  0%| F|  |TAMS 0x0000000083000000, 0x0000000083000000| Untracked 
|   9|0x0000000083100000, 0x0000000083100000, 0x0000000083200000|  0%| F|  |TAMS 0x0000000083100000, 0x0000000083100000| Untracked 
|  10|0x0000000083200000, 0x0000000083200000, 0x0000000083300000|  0%| F|  |TAMS 0x0000000083200000, 0x0000000083200000| Untracked 
|  11|0x0000000083300000, 0x0000000083300000, 0x0000000083400000|  0%| F|  |TAMS 0x0000000083300000, 0x0000000083300000| Untracked 
|  12|0x0000000083400000, 0x0000000083400000, 0x0000000083500000|  0%| F|  |TAMS 0x0000000083400000, 0x0000000083400000| Untracked 
|  13|0x0000000083500000, 0x0000000083500000, 0x0000000083600000|  0%| F|  |TAMS 0x0000000083500000, 0x0000000083500000| Untracked 
|  14|0x0000000083600000, 0x0000000083600000, 0x0000000083700000|  0%| F|  |TAMS 0x0000000083600000, 0x0000000083600000| Untracked 
|  15|0x0000000083700000, 0x0000000083700000, 0x0000000083800000|  0%| F|  |TAMS 0x0000000083700000, 0x0000000083700000| Untracked 
|  16|0x0000000083800000, 0x0000000083800000, 0x0000000083900000|  0%| F|  |TAMS 0x0000000083800000, 0x0000000083800000| Untracked 
|  17|0x0000000083900000, 0x0000000083900000, 0x0000000083a00000|  0%| F|  |TAMS 0x0000000083900000, 0x0000000083900000| Untracked 
|  18|0x0000000083a00000, 0x0000000083b00000, 0x0000000083b00000|100%| E|  |TAMS 0x0000000083a00000, 0x0000000083a00000| Complete 
|  19|0x0000000083b00000, 0x0000000083c00000, 0x0000000083c00000|100%| E|CS|TAMS 0x0000000083b00000, 0x0000000083b00000| Complete 
|  20|0x0000000083c00000, 0x0000000083d00000, 0x0000000083d00000|100%| E|CS|TAMS 0x0000000083c00000, 0x0000000083c00000| Complete 
|  21|0x0000000083d00000, 0x0000000083e00000, 0x0000000083e00000|100%| E|CS|TAMS 0x0000000083d00000, 0x0000000083d00000| Complete 
|  22|0x0000000083e00000, 0x0000000083f00000, 0x0000000083f00000|100%| E|CS|TAMS 0x0000000083e00000, 0x0000000083e00000| Complete 
|  23|0x0000000083f00000, 0x0000000084000000, 0x0000000084000000|100%| E|CS|TAMS 0x0000000083f00000, 0x0000000083f00000| Complete 
|  24|0x0000000084000000, 0x0000000084100000, 0x0000000084100000|100%| E|CS|TAMS 0x0000000084000000, 0x0000000084000000| Complete 
|  25|0x0000000084100000, 0x0000000084200000, 0x0000000084200000|100%| E|CS|TAMS 0x0000000084100000, 0x0000000084100000| Complete 
|  26|0x0000000084200000, 0x0000000084300000, 0x0000000084300000|100%| E|CS|TAMS 0x0000000084200000, 0x0000000084200000| Complete 
|  27|0x0000000084300000, 0x0000000084400000, 0x0000000084400000|100%| E|CS|TAMS 0x0000000084300000, 0x0000000084300000| Complete 
|  28|0x0000000084400000, 0x0000000084500000, 0x0000000084500000|100%| E|CS|TAMS 0x0000000084400000, 0x0000000084400000| Complete 
|  29|0x0000000084500000, 0x0000000084600000, 0x0000000084600000|100%| E|CS|TAMS 0x0000000084500000, 0x0000000084500000| Complete 
|  30|0x0000000084600000, 0x0000000084700000, 0x0000000084700000|100%| E|CS|TAMS 0x0000000084600000, 0x0000000084600000| Complete 
|  31|0x0000000084700000, 0x0000000084800000, 0x0000000084800000|100%| E|CS|TAMS 0x0000000084700000, 0x0000000084700000| Complete 
|  32|0x0000000084800000, 0x0000000084900000, 0x0000000084900000|100%| E|CS|TAMS 0x0000000084800000, 0x0000000084800000| Complete 
|  33|0x0000000084900000, 0x0000000084a00000, 0x0000000084a00000|100%| E|CS|TAMS 0x0000000084900000, 0x0000000084900000| Complete 
| 119|0x0000000089f00000, 0x0000000089fccd80, 0x000000008a000000| 80%| S|CS|TAMS 0x0000000089f00000, 0x0000000089f00000| Complete 
| 120|0x000000008a000000, 0x000000008a100000, 0x000000008a100000|100%| S|CS|TAMS 0x000000008a000000, 0x000000008a000000| Complete 
| 121|0x000000008a100000, 0x000000008a200000, 0x000000008a200000|100%| S|CS|TAMS 0x000000008a100000, 0x000000008a100000| Complete 
| 122|0x000000008a200000, 0x000000008a300000, 0x000000008a300000|100%| S|CS|TAMS 0x000000008a200000, 0x000000008a200000| Complete 
| 123|0x000000008a300000, 0x000000008a400000, 0x000000008a400000|100%| S|CS|TAMS 0x000000008a300000, 0x000000008a300000| Complete 
| 125|0x000000008a500000, 0x000000008a600000, 0x000000008a600000|100%| E|CS|TAMS 0x000000008a500000, 0x000000008a500000| Complete 

Card table byte_map: [0x000001af4c880000,0x000001af4cc70000] _byte_map_base: 0x000001af4c46c000

Marking Bits (Prev, Next): (CMBitMap*) 0x000001af35bc5260, (CMBitMap*) 0x000001af35bc5220
 Prev Bits: [0x000001af4efc0000, 0x000001af50f20000)
 Next Bits: [0x000001af4d060000, 0x000001af4efc0000)

Polling page: 0x000001af33b30000

Metaspace:

Usage:
  Non-class:     19.71 MB used.
      Class:      2.63 MB used.
       Both:     22.34 MB used.

Virtual space:
  Non-class space:       64.00 MB reserved,      19.88 MB ( 31%) committed,  1 nodes.
      Class space:        1.00 GB reserved,       2.75 MB ( <1%) committed,  1 nodes.
             Both:        1.06 GB reserved,      22.62 MB (  2%) committed. 

Chunk freelists:
   Non-Class:  3.98 MB
       Class:  1.25 MB
        Both:  5.24 MB

MaxMetaspaceSize: unlimited
CompressedClassSpaceSize: 1.00 GB
Initial GC threshold: 21.00 MB
Current GC threshold: 35.25 MB
CDS: on
MetaspaceReclaimPolicy: balanced
 - commit_granule_bytes: 65536.
 - commit_granule_words: 8192.
 - virtual_space_node_default_size: 8388608.
 - enlarge_chunks_in_place: 1.
 - new_chunks_are_fully_committed: 0.
 - uncommit_free_chunks: 1.
 - use_allocation_guard: 0.


Internal statistics:

num_allocs_failed_limit: 3.
num_arena_births: 236.
num_arena_deaths: 0.
num_vsnodes_births: 2.
num_vsnodes_deaths: 0.
num_space_committed: 362.
num_space_uncommitted: 0.
num_chunks_returned_to_freelist: 3.
num_chunks_taken_from_freelist: 823.
num_chunk_merges: 3.
num_chunk_splits: 588.
num_chunks_enlarged: 480.
num_inconsistent_stats: 0.

CodeHeap 'non-profiled nmethods': size=120000Kb used=1118Kb max_used=1118Kb free=118881Kb
 bounds [0x000001af44f60000, 0x000001af451d0000, 0x000001af4c490000]
CodeHeap 'profiled nmethods': size=120000Kb used=6569Kb max_used=6569Kb free=113430Kb
 bounds [0x000001af3da30000, 0x000001af3e0a0000, 0x000001af44f60000]
CodeHeap 'non-nmethods': size=5760Kb used=1264Kb max_used=1281Kb free=4495Kb
 bounds [0x000001af3d490000, 0x000001af3d700000, 0x000001af3da30000]
 total_blobs=3752 nmethods=3185 adapters=478
 compilation: enabled
              stopped_count=0, restarted_count=0
 full_count=0

Compilation events (20 events):
Event: 49.319 Thread 0x000001af533b8c30 nmethod 3179 0x000001af3e092310 code [0x000001af3e092620, 0x000001af3e093928]
Event: 49.320 Thread 0x000001af533b8c30 3180       3       org.apache.xmlbeans.impl.store.Saver$TextSaver::getAvailable (22 bytes)
Event: 49.320 Thread 0x000001af533b8c30 nmethod 3180 0x000001af3e093f10 code [0x000001af3e0940a0, 0x000001af3e094238]
Event: 49.320 Thread 0x000001af533b8c30 3181       3       org.apache.xmlbeans.impl.store.Saver::isBadChar (62 bytes)
Event: 49.320 Thread 0x000001af533b8c30 nmethod 3181 0x000001af3e094310 code [0x000001af3e0944c0, 0x000001af3e0949b8]
Event: 49.320 Thread 0x000001af533b8c30 3182       3       org.apache.xmlbeans.impl.store.Saver$TextSaver::isEscapedChar (25 bytes)
Event: 49.320 Thread 0x000001af533b8c30 nmethod 3182 0x000001af3e094a90 code [0x000001af3e094c40, 0x000001af3e094e08]
Event: 49.321 Thread 0x000001af533b8c30 3183       3       org.apache.xmlbeans.impl.store.Xobj::getChars (68 bytes)
Event: 49.321 Thread 0x000001af533b8c30 nmethod 3183 0x000001af3e094e90 code [0x000001af3e095080, 0x000001af3e0954d8]
Event: 49.323 Thread 0x000001af533b8c30 3184       3       java.util.ArrayList::clear (43 bytes)
Event: 49.324 Thread 0x000001af533b8c30 nmethod 3184 0x000001af3e095690 code [0x000001af3e095840, 0x000001af3e095bb8]
Event: 49.328 Thread 0x000001af533b8c30 3185       3       org.apache.xmlbeans.impl.store.Locale::enter (102 bytes)
Event: 49.328 Thread 0x000001af533b8c30 nmethod 3185 0x000001af3e095d10 code [0x000001af3e095ee0, 0x000001af3e096388]
Event: 49.329 Thread 0x000001af533b8c30 3186       3       org.apache.xmlbeans.impl.store.Xobj::hasChildren (23 bytes)
Event: 49.329 Thread 0x000001af533b8c30 nmethod 3186 0x000001af3e096510 code [0x000001af3e0966c0, 0x000001af3e096998]
Event: 49.329 Thread 0x000001af533b8c30 3188   !   3       org.apache.xmlbeans.impl.schema.SchemaTypeImpl::createUnattachedNode (96 bytes)
Event: 49.331 Thread 0x000001af533b8c30 nmethod 3188 0x000001af3e096a90 code [0x000001af3e096d60, 0x000001af3e097dd8]
Event: 49.331 Thread 0x000001af533b8c30 3187       3       org.apache.xmlbeans.impl.store.Locale::exit (98 bytes)
Event: 49.332 Thread 0x000001af533b8c30 nmethod 3187 0x000001af3e098390 code [0x000001af3e0985e0, 0x000001af3e098e08]
Event: 49.332 Thread 0x000001af533b8c30 3189       3       org.apache.xmlbeans.impl.values.XmlObjectBase::attach_store (77 bytes)

GC Heap History (10 events):
Event: 0.860 GC heap before
{Heap before GC invocations=0 (full 0):
 garbage-first heap   total 129024K, used 13312K [0x0000000082800000, 0x0000000100000000)
  region size 1024K, 13 young (13312K), 0 survivors (0K)
 Metaspace       used 5583K, committed 5696K, reserved 1114112K
  class space    used 588K, committed 640K, reserved 1048576K
}
Event: 0.867 GC heap after
{Heap after GC invocations=1 (full 0):
 garbage-first heap   total 129024K, used 4442K [0x0000000082800000, 0x0000000100000000)
  region size 1024K, 2 young (2048K), 2 survivors (2048K)
 Metaspace       used 5583K, committed 5696K, reserved 1114112K
  class space    used 588K, committed 640K, reserved 1048576K
}
Event: 1.350 GC heap before
{Heap before GC invocations=1 (full 0):
 garbage-first heap   total 129024K, used 16730K [0x0000000082800000, 0x0000000100000000)
  region size 1024K, 14 young (14336K), 2 survivors (2048K)
 Metaspace       used 9361K, committed 9600K, reserved 1114112K
  class space    used 1042K, committed 1152K, reserved 1048576K
}
Event: 1.356 GC heap after
{Heap after GC invocations=2 (full 0):
 garbage-first heap   total 129024K, used 6850K [0x0000000082800000, 0x0000000100000000)
  region size 1024K, 2 young (2048K), 2 survivors (2048K)
 Metaspace       used 9361K, committed 9600K, reserved 1114112K
  class space    used 1042K, committed 1152K, reserved 1048576K
}
Event: 8.610 GC heap before
{Heap before GC invocations=2 (full 0):
 garbage-first heap   total 129024K, used 31426K [0x0000000082800000, 0x0000000100000000)
  region size 1024K, 27 young (27648K), 2 survivors (2048K)
 Metaspace       used 17132K, committed 17408K, reserved 1114112K
  class space    used 2006K, committed 2112K, reserved 1048576K
}
Event: 8.617 GC heap after
{Heap after GC invocations=3 (full 0):
 garbage-first heap   total 129024K, used 9013K [0x0000000082800000, 0x0000000100000000)
  region size 1024K, 4 young (4096K), 4 survivors (4096K)
 Metaspace       used 17132K, committed 17408K, reserved 1114112K
  class space    used 2006K, committed 2112K, reserved 1048576K
}
Event: 9.329 GC heap before
{Heap before GC invocations=3 (full 0):
 garbage-first heap   total 129024K, used 62261K [0x0000000082800000, 0x0000000100000000)
  region size 1024K, 56 young (57344K), 4 survivors (4096K)
 Metaspace       used 21055K, committed 21312K, reserved 1114112K
  class space    used 2490K, committed 2624K, reserved 1048576K
}
Event: 9.339 GC heap after
{Heap after GC invocations=4 (full 0):
 garbage-first heap   total 129024K, used 11177K [0x0000000082800000, 0x0000000100000000)
  region size 1024K, 5 young (5120K), 5 survivors (5120K)
 Metaspace       used 21055K, committed 21312K, reserved 1114112K
  class space    used 2490K, committed 2624K, reserved 1048576K
}
Event: 9.374 GC heap before
{Heap before GC invocations=4 (full 0):
 garbage-first heap   total 129024K, used 12201K [0x0000000082800000, 0x0000000100000000)
  region size 1024K, 7 young (7168K), 5 survivors (5120K)
 Metaspace       used 21238K, committed 21504K, reserved 1114112K
  class space    used 2519K, committed 2688K, reserved 1048576K
}
Event: 9.381 GC heap after
{Heap after GC invocations=5 (full 0):
 garbage-first heap   total 129024K, used 11059K [0x0000000082800000, 0x0000000100000000)
  region size 1024K, 5 young (5120K), 5 survivors (5120K)
 Metaspace       used 21238K, committed 21504K, reserved 1114112K
  class space    used 2519K, committed 2688K, reserved 1048576K
}

Deoptimization events (20 events):
Event: 11.341 Thread 0x000001af35b63a10 DEOPT PACKING pc=0x000001af4503af90 sp=0x000000634a5fd6e0
Event: 11.341 Thread 0x000001af35b63a10 DEOPT UNPACKING pc=0x000001af3d4e23a3 sp=0x000000634a5fd6c0 mode 2
Event: 11.341 Thread 0x000001af35b63a10 Uncommon trap: trap_request=0xffffffde fr.pc=0x000001af4503af90 relative=0x00000000000003b0
Event: 11.341 Thread 0x000001af35b63a10 Uncommon trap: reason=class_check action=maybe_recompile pc=0x000001af4503af90 method=java.io.FilterInputStream.read()I @ 4 c2
Event: 11.341 Thread 0x000001af35b63a10 DEOPT PACKING pc=0x000001af4503af90 sp=0x000000634a5fd6e0
Event: 11.341 Thread 0x000001af35b63a10 DEOPT UNPACKING pc=0x000001af3d4e23a3 sp=0x000000634a5fd6c0 mode 2
Event: 11.341 Thread 0x000001af35b63a10 Uncommon trap: trap_request=0xffffffde fr.pc=0x000001af4503af90 relative=0x00000000000003b0
Event: 11.341 Thread 0x000001af35b63a10 Uncommon trap: reason=class_check action=maybe_recompile pc=0x000001af4503af90 method=java.io.FilterInputStream.read()I @ 4 c2
Event: 11.341 Thread 0x000001af35b63a10 DEOPT PACKING pc=0x000001af4503af90 sp=0x000000634a5fd6e0
Event: 11.341 Thread 0x000001af35b63a10 DEOPT UNPACKING pc=0x000001af3d4e23a3 sp=0x000000634a5fd6c0 mode 2
Event: 11.341 Thread 0x000001af35b63a10 Uncommon trap: trap_request=0xffffffde fr.pc=0x000001af4503af90 relative=0x00000000000003b0
Event: 11.341 Thread 0x000001af35b63a10 Uncommon trap: reason=class_check action=maybe_recompile pc=0x000001af4503af90 method=java.io.FilterInputStream.read()I @ 4 c2
Event: 11.341 Thread 0x000001af35b63a10 DEOPT PACKING pc=0x000001af4503af90 sp=0x000000634a5fd6e0
Event: 11.341 Thread 0x000001af35b63a10 DEOPT UNPACKING pc=0x000001af3d4e23a3 sp=0x000000634a5fd6c0 mode 2
Event: 26.259 Thread 0x000001af35b63a10 Uncommon trap: trap_request=0xffffff45 fr.pc=0x000001af450491a8 relative=0x0000000000000388
Event: 26.259 Thread 0x000001af35b63a10 Uncommon trap: reason=unstable_if action=reinterpret pc=0x000001af450491a8 method=java.util.HashMap$HashIterator.<init>(Ljava/util/HashMap;)V @ 45 c2
Event: 26.259 Thread 0x000001af35b63a10 DEOPT PACKING pc=0x000001af450491a8 sp=0x000000634a5fdbd0
Event: 26.259 Thread 0x000001af35b63a10 DEOPT UNPACKING pc=0x000001af3d4e23a3 sp=0x000000634a5fdb88 mode 2
Event: 32.150 Thread 0x000001af35b63a10 DEOPT PACKING pc=0x000001af3de8a566 sp=0x000000634a5fd140
Event: 32.150 Thread 0x000001af35b63a10 DEOPT UNPACKING pc=0x000001af3d4e2b43 sp=0x000000634a5fc5e0 mode 0

Classes loaded (20 events):
Event: 9.216 Loading class org/w3c/dom/CDATASection
Event: 9.216 Loading class org/w3c/dom/CDATASection done
Event: 9.231 Loading class java/lang/AbstractMethodError
Event: 9.231 Loading class java/lang/AbstractMethodError done
Event: 9.236 Loading class org/w3c/dom/Comment
Event: 9.236 Loading class org/w3c/dom/Comment done
Event: 9.238 Loading class org/w3c/dom/ProcessingInstruction
Event: 9.238 Loading class org/w3c/dom/ProcessingInstruction done
Event: 9.241 Loading class org/w3c/dom/DocumentFragment
Event: 9.241 Loading class org/w3c/dom/DocumentFragment done
Event: 9.410 Loading class java/util/ConcurrentModificationException
Event: 9.410 Loading class java/util/ConcurrentModificationException done
Event: 9.540 Loading class jdk/internal/math/FDBigInteger
Event: 9.541 Loading class jdk/internal/math/FDBigInteger done
Event: 9.614 Loading class java/net/URLEncoder
Event: 9.614 Loading class java/net/URLEncoder done
Event: 11.756 Loading class jdk/internal/reflect/MethodHandleLongFieldAccessorImpl
Event: 11.756 Loading class jdk/internal/reflect/MethodHandleLongFieldAccessorImpl done
Event: 30.749 Loading class java/util/concurrent/ConcurrentLinkedQueue$Itr
Event: 30.749 Loading class java/util/concurrent/ConcurrentLinkedQueue$Itr done

Classes unloaded (0 events):
No events

Classes redefined (0 events):
No events

Internal exceptions (20 events):
Event: 1.870 Thread 0x000001af35b63a10 Exception <a 'java/lang/NoSuchMethodError'{0x0000000089c3a490}: 'void java.lang.invoke.DirectMethodHandle$Holder.invokeSpecial(java.lang.Object, java.lang.Object, java.lang.Object, java.lang.Object, java.lang.Object)'> (0x0000000089c3a490) 
thrown [t:\workspace\open\src\hotspot\share\interpreter\linkResolver.cpp, line 766]
Event: 1.892 Thread 0x000001af35b63a10 Exception <a 'java/lang/NoSuchMethodError'{0x0000000089ced630}: 'java.lang.Object java.lang.invoke.DirectMethodHandle$Holder.newInvokeSpecial(java.lang.Object, java.lang.Object, java.lang.Object, java.lang.Object, java.lang.Object)'> (0x0000000089ced630) 
thrown [t:\workspace\open\src\hotspot\share\interpreter\linkResolver.cpp, line 766]
Event: 4.786 Thread 0x000001af35b63a10 Exception <a 'java/lang/NoSuchMethodError'{0x0000000089302748}: 'java.lang.Object java.lang.invoke.DirectMethodHandle$Holder.invokeSpecialIFC(java.lang.Object, java.lang.Object, java.lang.Object)'> (0x0000000089302748) 
thrown [t:\workspace\open\src\hotspot\share\interpreter\linkResolver.cpp, line 766]
Event: 4.823 Thread 0x000001af35b63a10 Exception <a 'java/lang/NoSuchMethodError'{0x000000008937eb90}: 'void java.lang.invoke.DirectMethodHandle$Holder.invokeSpecial(java.lang.Object, java.lang.Object, java.lang.Object)'> (0x000000008937eb90) 
thrown [t:\workspace\open\src\hotspot\share\interpreter\linkResolver.cpp, line 766]
Event: 4.839 Thread 0x000001af35b63a10 Exception <a 'java/lang/ClassNotFoundException'{0x00000000893a26c8}: sun/util/logging/resources/spi/loggingProvider> (0x00000000893a26c8) 
thrown [t:\workspace\open\src\hotspot\share\classfile\systemDictionary.cpp, line 255]
Event: 8.183 Thread 0x000001af35b63a10 Exception <a 'java/lang/NoSuchMethodError'{0x0000000089128e60}: 'void java.lang.invoke.DirectMethodHandle$Holder.invokeInterface(java.lang.Object, java.lang.Object)'> (0x0000000089128e60) 
thrown [t:\workspace\open\src\hotspot\share\interpreter\linkResolver.cpp, line 766]
Event: 8.185 Thread 0x000001af35b63a10 Exception <a 'java/lang/NoSuchMethodError'{0x0000000089133240}: 'void java.lang.invoke.DirectMethodHandle$Holder.invokeVirtual(java.lang.Object, java.lang.Object)'> (0x0000000089133240) 
thrown [t:\workspace\open\src\hotspot\share\interpreter\linkResolver.cpp, line 766]
Event: 8.537 Thread 0x000001af35b63a10 Exception <a 'java/lang/NoSuchMethodError'{0x0000000088b1cb38}: 'void java.lang.invoke.DirectMethodHandle$Holder.invokeVirtual(java.lang.Object, java.lang.Object, java.lang.Object, int)'> (0x0000000088b1cb38) 
thrown [t:\workspace\open\src\hotspot\share\interpreter\linkResolver.cpp, line 766]
Event: 8.540 Thread 0x000001af35b63a10 Exception <a 'java/lang/NoSuchMethodError'{0x0000000088b248c8}: 'void java.lang.invoke.DirectMethodHandle$Holder.invokeVirtual(java.lang.Object, java.lang.Object, java.lang.Object, java.lang.Object)'> (0x0000000088b248c8) 
thrown [t:\workspace\open\src\hotspot\share\interpreter\linkResolver.cpp, line 766]
Event: 8.550 Thread 0x000001af35b63a10 Exception <a 'java/lang/NoSuchMethodError'{0x0000000088b56d88}: 'void java.lang.invoke.DirectMethodHandle$Holder.invokeStatic(java.lang.Object, java.lang.Object, java.lang.Object, int)'> (0x0000000088b56d88) 
thrown [t:\workspace\open\src\hotspot\share\interpreter\linkResolver.cpp, line 766]
Event: 8.551 Thread 0x000001af35b63a10 Exception <a 'java/lang/NoSuchMethodError'{0x0000000088b5a798}: 'void java.lang.invoke.DirectMethodHandle$Holder.invokeStaticInit(java.lang.Object, java.lang.Object, java.lang.Object, int)'> (0x0000000088b5a798) 
thrown [t:\workspace\open\src\hotspot\share\interpreter\linkResolver.cpp, line 766]
Event: 8.731 Thread 0x000001af35b63a10 Exception <a 'java/lang/NoSuchMethodError'{0x000000008a371148}: 'java.lang.Object java.lang.invoke.DirectMethodHandle$Holder.invokeStaticInit(java.lang.Object, java.lang.Object, java.lang.Object)'> (0x000000008a371148) 
thrown [t:\workspace\open\src\hotspot\share\interpreter\linkResolver.cpp, line 766]
Event: 8.731 Thread 0x000001af35b63a10 Exception <a 'java/lang/NoSuchMethodError'{0x000000008a385370}: 'java.lang.Object java.lang.invoke.DirectMethodHandle$Holder.invokeStatic(java.lang.Object, java.lang.Object, int, int)'> (0x000000008a385370) 
thrown [t:\workspace\open\src\hotspot\share\interpreter\linkResolver.cpp, line 766]
Event: 8.732 Thread 0x000001af35b63a10 Exception <a 'java/lang/NoSuchMethodError'{0x000000008a388de8}: 'java.lang.Object java.lang.invoke.DirectMethodHandle$Holder.invokeStaticInit(java.lang.Object, java.lang.Object, int, int)'> (0x000000008a388de8) 
thrown [t:\workspace\open\src\hotspot\share\interpreter\linkResolver.cpp, line 766]
Event: 8.950 Thread 0x000001af35b63a10 Implicit null exception at 0x000001af4500cde0 to 0x000001af4500d670
Event: 9.515 Thread 0x000001af35b63a10 Exception <a 'java/lang/NoSuchMethodError'{0x000000008466a9a8}: 'java.lang.Object java.lang.invoke.DirectMethodHandle$Holder.invokeVirtual(java.lang.Object, java.lang.Object, int)'> (0x000000008466a9a8) 
thrown [t:\workspace\open\src\hotspot\share\interpreter\linkResolver.cpp, line 766]
Event: 9.517 Thread 0x000001af35b63a10 Exception <a 'java/lang/NoSuchMethodError'{0x000000008467c8c8}: 'void java.lang.invoke.DirectMethodHandle$Holder.invokeVirtual(java.lang.Object, java.lang.Object, int)'> (0x000000008467c8c8) 
thrown [t:\workspace\open\src\hotspot\share\interpreter\linkResolver.cpp, line 766]
Event: 11.757 Thread 0x000001af35b63a10 Exception <a 'java/lang/NoSuchMethodError'{0x0000000084221b10}: 'long java.lang.invoke.DelegatingMethodHandle$Holder.reinvoke_L(java.lang.Object, java.lang.Object)'> (0x0000000084221b10) 
thrown [t:\workspace\open\src\hotspot\share\interpreter\linkResolver.cpp, line 766]
Event: 11.758 Thread 0x000001af35b63a10 Exception <a 'java/lang/NoSuchMethodError'{0x000000008422bde8}: 'void java.lang.invoke.DelegatingMethodHandle$Holder.reinvoke_L(java.lang.Object, java.lang.Object, long)'> (0x000000008422bde8) 
thrown [t:\workspace\open\src\hotspot\share\interpreter\linkResolver.cpp, line 766]
Event: 11.759 Thread 0x000001af35b63a10 Exception <a 'java/lang/NoSuchMethodError'{0x0000000084232c40}: 'long java.lang.invoke.Invokers$Holder.invokeExact_MT(java.lang.Object, java.lang.Object, java.lang.Object)'> (0x0000000084232c40) 
thrown [t:\workspace\open\src\hotspot\share\interpreter\linkResolver.cpp, line 766]

VM Operations (20 events):
Event: 12.431 Executing VM operation: Cleanup
Event: 12.431 Executing VM operation: Cleanup done
Event: 19.511 Executing VM operation: Cleanup
Event: 19.511 Executing VM operation: Cleanup done
Event: 24.555 Executing VM operation: Cleanup
Event: 24.555 Executing VM operation: Cleanup done
Event: 26.562 Executing VM operation: Cleanup
Event: 26.562 Executing VM operation: Cleanup done
Event: 28.574 Executing VM operation: Cleanup
Event: 28.574 Executing VM operation: Cleanup done
Event: 31.602 Executing VM operation: Cleanup
Event: 31.602 Executing VM operation: Cleanup done
Event: 32.604 Executing VM operation: Cleanup
Event: 32.604 Executing VM operation: Cleanup done
Event: 41.664 Executing VM operation: Cleanup
Event: 41.676 Executing VM operation: Cleanup done
Event: 43.690 Executing VM operation: Cleanup
Event: 43.690 Executing VM operation: Cleanup done
Event: 48.740 Executing VM operation: Cleanup
Event: 48.740 Executing VM operation: Cleanup done

Events (20 events):
Event: 0.132 Thread 0x000001af57893590 Thread added: 0x000001af57893590
Event: 0.135 Thread 0x000001af578930c0 Thread added: 0x000001af578930c0
Event: 0.143 Loaded shared library C:\Program Files\Java\jdk-18\bin\net.dll
Event: 0.147 Loaded shared library C:\Program Files\Java\jdk-18\bin\nio.dll
Event: 0.160 Loaded shared library C:\Program Files\Java\jdk-18\bin\zip.dll
Event: 0.288 Loaded shared library C:\Program Files\Java\jdk-18\bin\jimage.dll
Event: 0.537 Thread 0x000001af578918b0 Thread added: 0x000001af578918b0
Event: 0.856 Loaded shared library C:\Program Files\Java\jdk-18\bin\verify.dll
Event: 1.000 Thread 0x000001af57893a60 Thread added: 0x000001af57893a60
Event: 1.001 Thread 0x000001af578948d0 Thread added: 0x000001af578948d0
Event: 1.002 Thread 0x000001af57893f30 Thread added: 0x000001af57893f30
Event: 1.261 Loaded shared library C:\Program Files\Java\jdk-18\bin\sunmscapi.dll
Event: 1.583 Thread 0x000001af57892720 Thread added: 0x000001af57892720
Event: 1.591 Thread 0x000001af57894400 Thread added: 0x000001af57894400
Event: 1.613 Thread 0x000001af57890f10 Thread added: 0x000001af57890f10
Event: 1.613 Thread 0x000001af57891d80 Thread added: 0x000001af57891d80
Event: 1.794 Thread 0x000001af57892250 Thread added: 0x000001af57892250
Event: 2.108 Thread 0x000001af57892bf0 Thread added: 0x000001af57892bf0
Event: 2.113 Thread 0x000001af58a0d0b0 Thread added: 0x000001af58a0d0b0
Event: 6.802 Thread 0x000001af57892250 Thread exited: 0x000001af57892250


Dynamic libraries:
0x00007ff6690b0000 - 0x00007ff6690c0000 	C:\Program Files\Java\jdk-18\bin\javaw.exe
0x00007ffff0f00000 - 0x00007ffff1109000 	C:\Windows\SYSTEM32\ntdll.dll
0x00007fffefe20000 - 0x00007fffefedd000 	C:\Windows\System32\KERNEL32.DLL
0x00007fffee8f0000 - 0x00007fffeec6d000 	C:\Windows\System32\KERNELBASE.dll
0x00007fffee540000 - 0x00007fffee651000 	C:\Windows\System32\ucrtbase.dll
0x00007fffdcf70000 - 0x00007fffdcf88000 	C:\Program Files\Java\jdk-18\bin\jli.dll
0x00007fffeedf0000 - 0x00007fffeee9e000 	C:\Windows\System32\ADVAPI32.dll
0x00007fffeaa80000 - 0x00007fffeaa9a000 	C:\Program Files\Java\jdk-18\bin\VCRUNTIME140.dll
0x00007ffff0e00000 - 0x00007ffff0ea3000 	C:\Windows\System32\msvcrt.dll
0x00007ffff0bb0000 - 0x00007ffff0c4e000 	C:\Windows\System32\sechost.dll
0x00007ffff0c50000 - 0x00007ffff0d70000 	C:\Windows\System32\RPCRT4.dll
0x00007fffeeea0000 - 0x00007fffef04d000 	C:\Windows\System32\USER32.dll
0x00007fffeed60000 - 0x00007fffeed86000 	C:\Windows\System32\win32u.dll
0x00007fffef050000 - 0x00007fffef079000 	C:\Windows\System32\GDI32.dll
0x00007fffee7d0000 - 0x00007fffee8e8000 	C:\Windows\System32\gdi32full.dll
0x00007fffee3e0000 - 0x00007fffee47d000 	C:\Windows\System32\msvcp_win.dll
0x00007fffe0700000 - 0x00007fffe070a000 	C:\Windows\SYSTEM32\VERSION.dll
0x00007fffda0c0000 - 0x00007fffda365000 	C:\Windows\WinSxS\amd64_microsoft.windows.common-controls_6595b64144ccf1df_6.0.22000.120_none_9d947278b86cc467\COMCTL32.dll
0x00007fffef2c0000 - 0x00007fffef2f1000 	C:\Windows\System32\IMM32.DLL
0x00007fffe8600000 - 0x00007fffe860c000 	C:\Program Files\Java\jdk-18\bin\vcruntime140_1.dll
0x00007fffac640000 - 0x00007fffac6cd000 	C:\Program Files\Java\jdk-18\bin\msvcp140.dll
0x00007fff8f5f0000 - 0x00007fff90201000 	C:\Program Files\Java\jdk-18\bin\server\jvm.dll
0x00007ffff0eb0000 - 0x00007ffff0eb8000 	C:\Windows\System32\PSAPI.DLL
0x00007fffe7f60000 - 0x00007fffe7f93000 	C:\Windows\SYSTEM32\WINMM.dll
0x00007fffd47b0000 - 0x00007fffd47b9000 	C:\Windows\SYSTEM32\WSOCK32.dll
0x00007ffff09f0000 - 0x00007ffff0a5f000 	C:\Windows\System32\WS2_32.dll
0x00007fffed4e0000 - 0x00007fffed4f8000 	C:\Windows\SYSTEM32\kernel.appcore.dll
0x00007fffdfd50000 - 0x00007fffdfd5a000 	C:\Program Files\Java\jdk-18\bin\jimage.dll
0x00007fffebf20000 - 0x00007fffec141000 	C:\Windows\SYSTEM32\DBGHELP.DLL
0x00007fffd1860000 - 0x00007fffd1891000 	C:\Windows\SYSTEM32\dbgcore.DLL
0x00007fffeece0000 - 0x00007fffeed5f000 	C:\Windows\System32\bcryptPrimitives.dll
0x00007fffdaff0000 - 0x00007fffdb015000 	C:\Program Files\Java\jdk-18\bin\java.dll
0x00007fff96880000 - 0x00007fff96956000 	C:\Program Files\Java\jdk-18\bin\jsvml.dll
0x00007fffef660000 - 0x00007fffefe18000 	C:\Windows\System32\SHELL32.dll
0x00007fffec550000 - 0x00007fffecdb8000 	C:\Windows\SYSTEM32\windows.storage.dll
0x00007fffefee0000 - 0x00007ffff0259000 	C:\Windows\System32\combase.dll
0x00007fffec3e0000 - 0x00007fffec546000 	C:\Windows\SYSTEM32\wintypes.dll
0x00007fffef4c0000 - 0x00007fffef5aa000 	C:\Windows\System32\SHCORE.dll
0x00007ffff0a60000 - 0x00007ffff0abd000 	C:\Windows\System32\shlwapi.dll
0x00007fffee310000 - 0x00007fffee331000 	C:\Windows\SYSTEM32\profapi.dll
0x00007fffdb4c0000 - 0x00007fffdb4d3000 	C:\Program Files\Java\jdk-18\bin\net.dll
0x00007fffe9370000 - 0x00007fffe947c000 	C:\Windows\SYSTEM32\WINHTTP.dll
0x00007fffed910000 - 0x00007fffed977000 	C:\Windows\system32\mswsock.dll
0x00007fffdab10000 - 0x00007fffdab26000 	C:\Program Files\Java\jdk-18\bin\nio.dll
0x00007fffc8870000 - 0x00007fffc8888000 	C:\Program Files\Java\jdk-18\bin\zip.dll
0x00007fffed0d0000 - 0x00007fffed1b8000 	C:\Windows\SYSTEM32\DNSAPI.dll
0x00007fffed050000 - 0x00007fffed07d000 	C:\Windows\SYSTEM32\IPHLPAPI.DLL
0x00007fffef170000 - 0x00007fffef179000 	C:\Windows\System32\NSI.dll
0x00007fffde7c0000 - 0x00007fffde7ca000 	C:\Windows\System32\rasadhlp.dll
0x00007fffe5b50000 - 0x00007fffe5bd1000 	C:\Windows\System32\fwpuclnt.dll
0x00007fffedb50000 - 0x00007fffedb68000 	C:\Windows\SYSTEM32\CRYPTSP.dll
0x00007fffed440000 - 0x00007fffed475000 	C:\Windows\system32\rsaenh.dll
0x00007fffeda00000 - 0x00007fffeda29000 	C:\Windows\SYSTEM32\USERENV.dll
0x00007fffedd40000 - 0x00007fffedd67000 	C:\Windows\SYSTEM32\bcrypt.dll
0x00007fffedb70000 - 0x00007fffedb7c000 	C:\Windows\SYSTEM32\CRYPTBASE.dll
0x00007fffe9350000 - 0x00007fffe9369000 	C:\Windows\SYSTEM32\dhcpcsvc6.DLL
0x00007fffe9800000 - 0x00007fffe981e000 	C:\Windows\SYSTEM32\dhcpcsvc.DLL
0x00007fffdc480000 - 0x00007fffdc490000 	C:\Program Files\Java\jdk-18\bin\verify.dll
0x00007fffdafe0000 - 0x00007fffdafee000 	C:\Program Files\Java\jdk-18\bin\sunmscapi.dll
0x00007fffee660000 - 0x00007fffee7c2000 	C:\Windows\System32\CRYPT32.dll
0x00007fffedca0000 - 0x00007fffedcc8000 	C:\Windows\SYSTEM32\ncrypt.dll
0x00007fffedc60000 - 0x00007fffedc97000 	C:\Windows\SYSTEM32\NTASN1.dll

dbghelp: loaded successfully - version: 4.0.5 - missing functions: none
symbol engine: initialized successfully - sym options: 0x614 - pdb path: .;C:\Program Files\Java\jdk-18\bin;C:\Windows\SYSTEM32;C:\Windows\WinSxS\amd64_microsoft.windows.common-controls_6595b64144ccf1df_6.0.22000.120_none_9d947278b86cc467;C:\Program Files\Java\jdk-18\bin\server

VM Arguments:
jvm_args: -ea -Dfile.encoding=UTF-8 -XX:+ShowCodeDetailsInExceptionMessages 
java_command: org.testng.remote.RemoteTestNG -serport 59866 -protocol json -d C:\Users\lahan\eclipse-workspace\Amazon\test-output C:\Users\lahan\eclipse-workspace\Amazon\testng.xml
java_class_path (initial): C:\Users\lahan\eclipse\java-2022-062\eclipse\configuration\org.eclipse.osgi\429\0\.cp\lib\testng-remote.jar;C:\Users\lahan\eclipse-workspace\Amazon\target\test-classes;C:\Users\lahan\eclipse-workspace\Amazon\target\classes;C:\Users\lahan\.p2\pool\plugins\org.testng_7.4.0.r202105021533.jar;C:\Users\lahan\.p2\pool\plugins\com.beust.jcommander_1.78.0.jar;C:\Users\lahan\.p2\pool\plugins\org.apache-extras.beanshell.bsh_2.0.0.b6.jar;C:\Users\lahan\.p2\pool\plugins\org.yaml.snakeyaml_1.27.0.v20201111-1638.jar;C:\Users\lahan\.p2\pool\plugins\org.webjars.jquery_3.5.1.jar;C:\Users\lahan\.m2\repository\org\seleniumhq\selenium\selenium-java\3.141.59\selenium-java-3.141.59.jar;C:\Users\lahan\.m2\repository\org\seleniumhq\selenium\selenium-api\3.141.59\selenium-api-3.141.59.jar;C:\Users\lahan\.m2\repository\org\seleniumhq\selenium\selenium-chrome-driver\3.141.59\selenium-chrome-driver-3.141.59.jar;C:\Users\lahan\.m2\repository\org\seleniumhq\selenium\selenium-edge-driver\3.141.59\selenium-edge-driver-3.141.59.jar;C:\Users\lahan\.m2\repository\org\seleniumhq\selenium\selenium-firefox-driver\3.141.59\selenium-firefox-driver-3.141.59.jar;C:\Users\lahan\.m2\repository\org\seleniumhq\selenium\selenium-ie-driver\3.141.59\selenium-ie-driver-3.141.59.jar;C:\Users\lahan\.m2\repository\org\seleniumhq\selenium\selenium-opera-driver\3.141.59\selenium-opera-driver-3.141.59.jar;C:\Users\lahan\.m2\repository\org\seleniumhq\selenium\selenium-remote-driver\3.141.59\selenium-remote-driver-3.141.59.jar;C:\Users\lahan\.m2\repository\org\seleniumhq\selenium\selenium-safari-driver\3.141.59\selenium-safari-driver-3.141.59.jar;C:\Users\lahan\.m2\repository\org\seleniumhq\selenium\selenium-support\3.141.59\selenium-support-3.141.59.jar;C:\Users\lahan\.m2\repository\net\bytebuddy\byte-buddy\1.8.15\byte-buddy-1.8.15.jar;C:\Users\lahan\.m2\repository\org\apache\commons\commons-exec\1.3\commons-exec-1.3.jar;C:\Users\lahan\.m2\repository\com\google\guava\guava\25.0-jre\guava-25.0-jre.jar;C:\Users\lahan\.m2\repository\com\google\code\findbugs\jsr305\1.3.9\jsr305-1.3.9.jar;C:\Users\lahan\.m2\repository\org\checkerframework\checker-compat-qual\2.0.0\checker-compat-qual-2.0.0.jar;C:\Users\lahan\.m2\repository\com\google\errorprone\error_prone_annotations\2.1.3\error_prone_annotations-2.1.3.jar;C:\Users\lahan\.m2\repository\com\google\j2objc\j2objc-annotations\1.1\j2objc-annotations-1.1.jar;C:\Users\lahan\.m2\repository\org\codehaus\mojo\animal-sniffer-annotations\1.14\animal-sniffer-annotations-1.14.jar;C:\Users\lahan\.m2\repository\com\squareup\okhttp3\okhttp\3.11.0\okhttp-3.11.0.jar;C:\Users\lahan\.m2\repository\com\squareup\okio\okio\1.14.0\okio-1.14.0.jar;C:\Users\lahan\.m2\repository\commons-io\commons-io\2.11.0\commons-io-2.11.0.jar;C:\Users\lahan\.m2\repository\org\apache\poi\poi\5.2.2\poi-5.2.2.jar;C:\Users\lahan\.m2\repository\commons-codec\commons-codec\1.15\commons-codec-1.15.jar;C:\Users\lahan\.m2\repository\org\apache\commons\commons-collections4\4.4\commons-collections4-4.4.jar;C:\Users\lahan\.m2\repository\org\apache\commons\commons-math3\3.6.1\commons-math3-3.6.1.jar;C:\Users\lahan\.m2\repository\com\zaxxer\SparseBitSet\1.2\SparseBitSet-1.2.jar;C:\Users\lahan\.m2\repository\org\apache\logging\log4j\log4j-api\2.17.2\log4j-api-2.17.2.jar;C:\Users\lahan\.m2\repository\org\apache\poi\poi-ooxml\5.2.2\poi-ooxml-5.2.2.jar;C:\Users\lahan\.m2\repository\org\apache\poi\poi-ooxml-lite\5.2.2\poi-ooxml-lite-5.2.2.jar;C:\Users\lahan\.m2\repository\org\apache\xmlbeans\xmlbeans\5.0.3\xmlbeans-5.0.3.jar;C:\Users\lahan\.m2\repository\org\apache\commons\commons-compress\1.21\commons-compress-1.21.jar;C:\Users\lahan\.m2\repository\com\github\virtuald\curvesapi\1.07\curvesapi-1.07.jar
Launcher Type: SUN_STANDARD

[Global flags]
     intx CICompilerCount                          = 3                                         {product} {ergonomic}
     uint ConcGCThreads                            = 1                                         {product} {ergonomic}
     uint G1ConcRefinementThreads                  = 4                                         {product} {ergonomic}
   size_t G1HeapRegionSize                         = 1048576                                   {product} {ergonomic}
    uintx GCDrainStackTargetSize                   = 64                                        {product} {ergonomic}
   size_t InitialHeapSize                          = 132120576                                 {product} {ergonomic}
   size_t MarkStackSize                            = 4194304                                   {product} {ergonomic}
   size_t MaxHeapSize                              = 2105540608                                {product} {ergonomic}
   size_t MaxNewSize                               = 1262485504                                {product} {ergonomic}
   size_t MinHeapDeltaBytes                        = 1048576                                   {product} {ergonomic}
   size_t MinHeapSize                              = 8388608                                   {product} {ergonomic}
    uintx NonNMethodCodeHeapSize                   = 5832780                                {pd product} {ergonomic}
    uintx NonProfiledCodeHeapSize                  = 122912730                              {pd product} {ergonomic}
    uintx ProfiledCodeHeapSize                     = 122912730                              {pd product} {ergonomic}
    uintx ReservedCodeCacheSize                    = 251658240                              {pd product} {ergonomic}
     bool SegmentedCodeCache                       = true                                      {product} {ergonomic}
     bool ShowCodeDetailsInExceptionMessages       = true                                   {manageable} {command line}
   size_t SoftMaxHeapSize                          = 2105540608                             {manageable} {ergonomic}
     bool UseCompressedClassPointers               = true                           {product lp64_product} {ergonomic}
     bool UseCompressedOops                        = true                           {product lp64_product} {ergonomic}
     bool UseG1GC                                  = true                                      {product} {ergonomic}
     bool UseLargePagesIndividualAllocation        = false                                  {pd product} {ergonomic}

Logging:
Log output configuration:
 #0: stdout all=warning uptime,level,tags foldmultilines=false
 #1: stderr all=off uptime,level,tags foldmultilines=false

Environment Variables:
PATH=C:\Program Files\Common Files\Oracle\Java\javapath;C:\Windows\system32;C:\Windows;C:\Windows\System32\Wbem;C:\Windows\System32\WindowsPowerShell\v1.0\;C:\Windows\System32\OpenSSH\;C:\Program Files\MySQL\MySQL Server 8.0\bin;C:\Program Files\MySQL\MySQL Shell 8.0\bin\;C:\Users\lahan\AppData\Local\Microsoft\WindowsApps;
USERNAME=amit
OS=Windows_NT
PROCESSOR_IDENTIFIER=Intel64 Family 6 Model 142 Stepping 12, GenuineIntel



---------------  S Y S T E M  ---------------

OS:
 Windows 11 , 64 bit Build 22000 (10.0.22000.708)
OS uptime: 19 days 1:39 hours

CPU: total 4 (initial active 4) (2 cores per cpu, 2 threads per core) family 6 model 142 stepping 12 microcode 0xea, cx8, cmov, fxsr, ht, mmx, 3dnowpref, sse, sse2, sse3, ssse3, sse4.1, sse4.2, popcnt, lzcnt, tsc, tscinvbit, avx, avx2, aes, erms, clmul, bmi1, bmi2, adx, fma, vzeroupper, clflush, clflushopt

Memory: 4k page, system-wide physical 8026M (236M free)
TotalPageFile size 32602M (AvailPageFile size 1M)
current process WorkingSet (physical memory assigned to process): 58M, peak: 146M
current process commit charge ("private bytes"): 150M, peak: 241M

vm_info: Java HotSpot(TM) 64-Bit Server VM (18+36-2087) for windows-amd64 JRE (18+36-2087), built on Feb 15 2022 09:43:11 by "mach5one" with MS VC++ 16.8 / 16.9 (VS2019)

END.
